SL3060:498223:498223 [7] NCCL INFO ncclOsDlopen(libnccl-env.so) failed: libnccl-env.so: cannot open shared object file: No such file or directory
SL3060:498223:498223 [7] NCCL INFO ENV/Plugin: Could not find: libnccl-env.so
SL3060:498223:498223 [7] NCCL INFO cudaDriverVersion 12080
SL3060:498223:498223 [7] NCCL INFO NCCL version 2.30.3+cuda12.9
SL3060:498223:498223 [7] NCCL INFO NCCL git version master eebfd15
SL3060:498223:498223 [7] NCCL INFO Comm config collnetEnable reset to NCCL_COLLNET_ENABLE=0
SL3060:498223:498223 [7] NCCL INFO NCCL_COLLNET_ENABLE set by environment to 0.
SL3060:498223:498223 [7] NCCL INFO ncclOsDlsym(ncclNetPlugin_v11) failed: /opt/hpcx/nccl_rdma_sharp_plugin/lib/libnccl-net.so: undefined symbol: ncclNetPlugin_v11
SL3060:498223:498223 [7] NCCL INFO NET/Plugin: Loaded net plugin NCCL RDMA Plugin v10 (v10)
SL3060:498223:498223 [7] NCCL INFO ncclOsDlsym(ncclCollNetPlugin_v11) failed: /opt/hpcx/nccl_rdma_sharp_plugin/lib/libnccl-net.so: undefined symbol: ncclCollNetPlugin_v11
SL3060:498223:498223 [7] NCCL INFO NET/Plugin: Loaded collnet plugin SHARP (v10)
SL3060:498223:498223 [7] NCCL INFO Successfully loaded external network plugin /opt/hpcx/nccl_rdma_sharp_plugin/lib/libnccl-net.so
SL3060:498223:498223 [7] NCCL INFO Plugin Path : /opt/hpcx/nccl_rdma_sharp_plugin/lib/libnccl-net.so
SL3060:498223:498223 [7] NCCL INFO P2P plugin v10 IBext_v10
SL3060:498223:498223 [7] NCCL INFO NET/IB : No device found.
SL3060:498223:498223 [7] NCCL INFO NET/IB : Using [RO]; OOB eno1np0:10.60.14.1<0>
SL3060:498223:498223 [7] NCCL INFO Failed to initialize NET plugin NCCL RDMA Plugin v10
SL3060:498223:498223 [7] NCCL INFO Count not open libibverbs.so
SL3060:498223:498223 [7] NCCL INFO dlvsym failed on mlx5dv_get_data_direct_sysfs_path - /lib/x86_64-linux-gnu/libmlx5.so.1: undefined symbol: mlx5dv_get_data_direct_sysfs_path, version MLX5_1.25 version MLX5_1.25
SL3060:498223:498223 [7] NCCL INFO dlvsym failed on mlx5dv_reg_dmabuf_mr - /lib/x86_64-linux-gnu/libmlx5.so.1: undefined symbol: mlx5dv_reg_dmabuf_mr, version MLX5_1.25 version MLX5_1.25
SL3060:498223:498223 [7] NCCL INFO NET/IB : No device found.
SL3060:498223:498223 [7] NCCL INFO NET/IB : Using [RO]; OOB eno1np0:10.60.14.1<0>
SL3060:498223:498223 [7] NCCL INFO Failed to initialize NET plugin IB
SL3060:498223:498223 [7] NCCL INFO NET/Socket : Using [0]eno1np0:10.60.14.1<0> [1]veth834c0c9:fe80::7006:ddff:feb3:ba61%veth834c0c9<0>
SL3060:498223:498223 [7] NCCL INFO Initialized NET plugin Socket
SL3060:498223:498223 [7] NCCL INFO Assigned NET plugin Socket to comm
SL3060:498223:498223 [7] NCCL INFO ncclOsDlopen(libnccl-gin.so) failed: libnccl-gin.so: cannot open shared object file: No such file or directory
SL3060:498223:498223 [7] NCCL INFO GIN/Plugin: Could not find: libnccl-gin.so
SL3060:498223:498223 [7] NCCL INFO ncclOsDlsym(ncclGinPlugin_v12) failed: /opt/hpcx/nccl_rdma_sharp_plugin/lib/libnccl-net.so: undefined symbol: ncclGinPlugin_v12
SL3060:498223:498223 [7] NCCL INFO ncclOsDlsym(ncclGinPlugin_v12) failed: /opt/hpcx/nccl_rdma_sharp_plugin/lib/libnccl-net.so: undefined symbol: ncclGinPlugin_v12
SL3060:498223:498223 [7] NCCL INFO ncclOsDlsym(ncclGinPlugin_v11) failed: /opt/hpcx/nccl_rdma_sharp_plugin/lib/libnccl-net.so: undefined symbol: ncclGinPlugin_v11
SL3060:498223:498223 [7] NCCL INFO ncclOsDlsym(ncclGinPlugin_v11) failed: /opt/hpcx/nccl_rdma_sharp_plugin/lib/libnccl-net.so: undefined symbol: ncclGinPlugin_v11
SL3060:498223:498223 [7] NCCL INFO Successfully loaded external gin plugin /opt/hpcx/nccl_rdma_sharp_plugin/lib/libnccl-net.so
SL3060:498223:498223 [7] NCCL INFO Failed to initialize any GIN plugin
SL3060:498223:498223 [7] NCCL INFO Using network Socket
SL3060:498223:498223 [7] NCCL INFO Loaded NVML from libnvidia-ml.so.1
SL3060:498223:498223 [7] NCCL INFO [Rank 7] ncclCommInitRank comm 0x5603eb1e9340 rank 7 nranks 8 cudaDev 7 nvmlDev 7 busId d8000 commId 0xe385d75ebfe87c23 - Init START
SL3060:498223:498223 [7] NCCL INFO RAS client listening socket at 127.0.0.1<28028>
SL3060:498223:498223 [7] NCCL INFO TOPO/NET : Importing network plugins to topology
SL3060:498223:498223 [7] NCCL INFO NET/Socket : GPU Direct RDMA Disabled for HCA 0 'eno1np0'
SL3060:498223:498223 [7] NCCL INFO ncclTopoPopulateNics : Filled eno1np0 in topo with pciPath=/sys/devices/pci0000:15/0000:15:05.0/0000:18:00.0 net=1 gin=(null) keep=1 coll=(null)
SL3060:498223:498223 [7] NCCL INFO NET/Socket : GPU Direct RDMA Disabled for HCA 1 'veth834c0c9'
SL3060:498223:498223 [7] NCCL INFO ncclTopoPopulateNics : Filled veth834c0c9 in topo with pciPath=(null) net=1 gin=(null) keep=1 coll=(null)
SL3060:498223:498223 [7] NCCL INFO === System : maxBw 48.0 totalBw 48.0 ===
SL3060:498223:498223 [7] NCCL INFO CPU/0-0 (1/1/4)
SL3060:498223:498223 [7] NCCL INFO + PCI[5000.0] - NIC/0-0
SL3060:498223:498223 [7] NCCL INFO                 + NET[1.2] - NET/0-1 (0/1/0/1.250000)
SL3060:498223:498223 [7] NCCL INFO                 + NET[1.2] - NET/0-1 (0/1/0/1.250000)
SL3060:498223:498223 [7] NCCL INFO + PCI[48.0] - DEV/0-27000 (10de2b8510b0f319)
SL3060:498223:498223 [7] NCCL INFO               + LOC[5000.0] - GPU/0-27000
SL3060:498223:498223 [7] NCCL INFO + PCI[48.0] - DEV/0-38000 (10de2b8510b0f319)
SL3060:498223:498223 [7] NCCL INFO               + LOC[5000.0] - GPU/0-38000
SL3060:498223:498223 [7] NCCL INFO + PCI[48.0] - DEV/0-49000 (10de2b8510b0f319)
SL3060:498223:498223 [7] NCCL INFO               + LOC[5000.0] - GPU/0-49000
SL3060:498223:498223 [7] NCCL INFO + PCI[48.0] - DEV/0-5a000 (10de2b8510b0f319)
SL3060:498223:498223 [7] NCCL INFO               + LOC[5000.0] - GPU/0-5a000
SL3060:498223:498223 [7] NCCL INFO + SYS[40.0] - CPU/0-1
SL3060:498223:498223 [7] NCCL INFO + PCI[6.0] - NIC/0-18000
SL3060:498223:498223 [7] NCCL INFO              + NET[3.1] - NET/0-0 (0/0/0/3.125000)
SL3060:498223:498223 [7] NCCL INFO CPU/0-1 (1/1/4)
SL3060:498223:498223 [7] NCCL INFO + PCI[48.0] - DEV/0-a8000 (10de2b8510b0f319)
SL3060:498223:498223 [7] NCCL INFO               + LOC[5000.0] - GPU/0-a8000
SL3060:498223:498223 [7] NCCL INFO + PCI[48.0] - DEV/0-b8000 (10de2b8510b0f319)
SL3060:498223:498223 [7] NCCL INFO               + LOC[5000.0] - GPU/0-b8000
SL3060:498223:498223 [7] NCCL INFO + PCI[48.0] - DEV/0-c8000 (10de2b8510b0f319)
SL3060:498223:498223 [7] NCCL INFO               + LOC[5000.0] - GPU/0-c8000
SL3060:498223:498223 [7] NCCL INFO + PCI[48.0] - DEV/0-d8000 (10de2b8510b0f319)
SL3060:498223:498223 [7] NCCL INFO               + LOC[5000.0] - GPU/0-d8000
SL3060:498223:498223 [7] NCCL INFO + SYS[40.0] - CPU/0-0
SL3060:498223:498223 [7] NCCL INFO ==========================================
SL3060:498223:498223 [7] NCCL INFO GPU/0-27000 :GPU/0-27000 (0/5000.0/LOC) GPU/0-38000 (4/48.0/PHB) GPU/0-49000 (4/48.0/PHB) GPU/0-5a000 (4/48.0/PHB) GPU/0-a8000 (5/40.0/SYS) GPU/0-b8000 (5/40.0/SYS) GPU/0-c8000 (5/40.0/SYS) GPU/0-d8000 (5/40.0/SYS) CPU/0-0 (2/48.0/PHB) CPU/0-1 (3/40.0/SYS) NET/0-0 (4/3.1/PHB) NET/0-1 (4/1.2/PHB) NET/0-1 (0/0.0/DIS) DEV/0-27000 (1/5000.0/LOC) DEV/0-38000 (3/48.0/PHB) DEV/0-49000 (3/48.0/PHB) DEV/0-5a000 (3/48.0/PHB) DEV/0-a8000 (4/40.0/SYS) DEV/0-b8000 (4/40.0/SYS) DEV/0-c8000 (4/40.0/SYS) DEV/0-d8000 (4/40.0/SYS) 
SL3060:498223:498223 [7] NCCL INFO GPU/0-38000 :GPU/0-27000 (4/48.0/PHB) GPU/0-38000 (0/5000.0/LOC) GPU/0-49000 (4/48.0/PHB) GPU/0-5a000 (4/48.0/PHB) GPU/0-a8000 (5/40.0/SYS) GPU/0-b8000 (5/40.0/SYS) GPU/0-c8000 (5/40.0/SYS) GPU/0-d8000 (5/40.0/SYS) CPU/0-0 (2/48.0/PHB) CPU/0-1 (3/40.0/SYS) NET/0-0 (4/3.1/PHB) NET/0-1 (4/1.2/PHB) NET/0-1 (0/0.0/DIS) DEV/0-27000 (3/48.0/PHB) DEV/0-38000 (1/5000.0/LOC) DEV/0-49000 (3/48.0/PHB) DEV/0-5a000 (3/48.0/PHB) DEV/0-a8000 (4/40.0/SYS) DEV/0-b8000 (4/40.0/SYS) DEV/0-c8000 (4/40.0/SYS) DEV/0-d8000 (4/40.0/SYS) 
SL3060:498223:498223 [7] NCCL INFO GPU/0-49000 :GPU/0-27000 (4/48.0/PHB) GPU/0-38000 (4/48.0/PHB) GPU/0-49000 (0/5000.0/LOC) GPU/0-5a000 (4/48.0/PHB) GPU/0-a8000 (5/40.0/SYS) GPU/0-b8000 (5/40.0/SYS) GPU/0-c8000 (5/40.0/SYS) GPU/0-d8000 (5/40.0/SYS) CPU/0-0 (2/48.0/PHB) CPU/0-1 (3/40.0/SYS) NET/0-0 (4/3.1/PHB) NET/0-1 (4/1.2/PHB) NET/0-1 (0/0.0/DIS) DEV/0-27000 (3/48.0/PHB) DEV/0-38000 (3/48.0/PHB) DEV/0-49000 (1/5000.0/LOC) DEV/0-5a000 (3/48.0/PHB) DEV/0-a8000 (4/40.0/SYS) DEV/0-b8000 (4/40.0/SYS) DEV/0-c8000 (4/40.0/SYS) DEV/0-d8000 (4/40.0/SYS) 
SL3060:498223:498223 [7] NCCL INFO GPU/0-5a000 :GPU/0-27000 (4/48.0/PHB) GPU/0-38000 (4/48.0/PHB) GPU/0-49000 (4/48.0/PHB) GPU/0-5a000 (0/5000.0/LOC) GPU/0-a8000 (5/40.0/SYS) GPU/0-b8000 (5/40.0/SYS) GPU/0-c8000 (5/40.0/SYS) GPU/0-d8000 (5/40.0/SYS) CPU/0-0 (2/48.0/PHB) CPU/0-1 (3/40.0/SYS) NET/0-0 (4/3.1/PHB) NET/0-1 (4/1.2/PHB) NET/0-1 (0/0.0/DIS) DEV/0-27000 (3/48.0/PHB) DEV/0-38000 (3/48.0/PHB) DEV/0-49000 (3/48.0/PHB) DEV/0-5a000 (1/5000.0/LOC) DEV/0-a8000 (4/40.0/SYS) DEV/0-b8000 (4/40.0/SYS) DEV/0-c8000 (4/40.0/SYS) DEV/0-d8000 (4/40.0/SYS) 
SL3060:498223:498223 [7] NCCL INFO GPU/0-a8000 :GPU/0-27000 (5/40.0/SYS) GPU/0-38000 (5/40.0/SYS) GPU/0-49000 (5/40.0/SYS) GPU/0-5a000 (5/40.0/SYS) GPU/0-a8000 (0/5000.0/LOC) GPU/0-b8000 (4/48.0/PHB) GPU/0-c8000 (4/48.0/PHB) GPU/0-d8000 (4/48.0/PHB) CPU/0-0 (3/40.0/SYS) CPU/0-1 (2/48.0/PHB) NET/0-0 (5/3.1/SYS) NET/0-1 (5/1.2/SYS) NET/0-1 (0/0.0/DIS) DEV/0-27000 (4/40.0/SYS) DEV/0-38000 (4/40.0/SYS) DEV/0-49000 (4/40.0/SYS) DEV/0-5a000 (4/40.0/SYS) DEV/0-a8000 (1/5000.0/LOC) DEV/0-b8000 (3/48.0/PHB) DEV/0-c8000 (3/48.0/PHB) DEV/0-d8000 (3/48.0/PHB) 
SL3060:498223:498223 [7] NCCL INFO GPU/0-b8000 :GPU/0-27000 (5/40.0/SYS) GPU/0-38000 (5/40.0/SYS) GPU/0-49000 (5/40.0/SYS) GPU/0-5a000 (5/40.0/SYS) GPU/0-a8000 (4/48.0/PHB) GPU/0-b8000 (0/5000.0/LOC) GPU/0-c8000 (4/48.0/PHB) GPU/0-d8000 (4/48.0/PHB) CPU/0-0 (3/40.0/SYS) CPU/0-1 (2/48.0/PHB) NET/0-0 (5/3.1/SYS) NET/0-1 (5/1.2/SYS) NET/0-1 (0/0.0/DIS) DEV/0-27000 (4/40.0/SYS) DEV/0-38000 (4/40.0/SYS) DEV/0-49000 (4/40.0/SYS) DEV/0-5a000 (4/40.0/SYS) DEV/0-a8000 (3/48.0/PHB) DEV/0-b8000 (1/5000.0/LOC) DEV/0-c8000 (3/48.0/PHB) DEV/0-d8000 (3/48.0/PHB) 
SL3060:498223:498223 [7] NCCL INFO GPU/0-c8000 :GPU/0-27000 (5/40.0/SYS) GPU/0-38000 (5/40.0/SYS) GPU/0-49000 (5/40.0/SYS) GPU/0-5a000 (5/40.0/SYS) GPU/0-a8000 (4/48.0/PHB) GPU/0-b8000 (4/48.0/PHB) GPU/0-c8000 (0/5000.0/LOC) GPU/0-d8000 (4/48.0/PHB) CPU/0-0 (3/40.0/SYS) CPU/0-1 (2/48.0/PHB) NET/0-0 (5/3.1/SYS) NET/0-1 (5/1.2/SYS) NET/0-1 (0/0.0/DIS) DEV/0-27000 (4/40.0/SYS) DEV/0-38000 (4/40.0/SYS) DEV/0-49000 (4/40.0/SYS) DEV/0-5a000 (4/40.0/SYS) DEV/0-a8000 (3/48.0/PHB) DEV/0-b8000 (3/48.0/PHB) DEV/0-c8000 (1/5000.0/LOC) DEV/0-d8000 (3/48.0/PHB) 
SL3060:498223:498223 [7] NCCL INFO GPU/0-d8000 :GPU/0-27000 (5/40.0/SYS) GPU/0-38000 (5/40.0/SYS) GPU/0-49000 (5/40.0/SYS) GPU/0-5a000 (5/40.0/SYS) GPU/0-a8000 (4/48.0/PHB) GPU/0-b8000 (4/48.0/PHB) GPU/0-c8000 (4/48.0/PHB) GPU/0-d8000 (0/5000.0/LOC) CPU/0-0 (3/40.0/SYS) CPU/0-1 (2/48.0/PHB) NET/0-0 (5/3.1/SYS) NET/0-1 (5/1.2/SYS) NET/0-1 (0/0.0/DIS) DEV/0-27000 (4/40.0/SYS) DEV/0-38000 (4/40.0/SYS) DEV/0-49000 (4/40.0/SYS) DEV/0-5a000 (4/40.0/SYS) DEV/0-a8000 (3/48.0/PHB) DEV/0-b8000 (3/48.0/PHB) DEV/0-c8000 (3/48.0/PHB) DEV/0-d8000 (1/5000.0/LOC) 
SL3060:498223:498223 [7] NCCL INFO NET/0-0 :GPU/0-27000 (4/3.1/PHB) GPU/0-38000 (4/3.1/PHB) GPU/0-49000 (4/3.1/PHB) GPU/0-5a000 (4/3.1/PHB) GPU/0-a8000 (5/3.1/SYS) GPU/0-b8000 (5/3.1/SYS) GPU/0-c8000 (5/3.1/SYS) GPU/0-d8000 (5/3.1/SYS) CPU/0-0 (2/3.1/PHB) CPU/0-1 (3/3.1/SYS) NET/0-0 (0/5000.0/LOC) NET/0-1 (4/1.2/PHB) NET/0-1 (0/0.0/DIS) DEV/0-27000 (3/3.1/PHB) DEV/0-38000 (3/3.1/PHB) DEV/0-49000 (3/3.1/PHB) DEV/0-5a000 (3/3.1/PHB) DEV/0-a8000 (4/3.1/SYS) DEV/0-b8000 (4/3.1/SYS) DEV/0-c8000 (4/3.1/SYS) DEV/0-d8000 (4/3.1/SYS) 
SL3060:498223:498223 [7] NCCL INFO NET/0-1 :GPU/0-27000 (4/1.2/PHB) GPU/0-38000 (4/1.2/PHB) GPU/0-49000 (4/1.2/PHB) GPU/0-5a000 (4/1.2/PHB) GPU/0-a8000 (5/1.2/SYS) GPU/0-b8000 (5/1.2/SYS) GPU/0-c8000 (5/1.2/SYS) GPU/0-d8000 (5/1.2/SYS) CPU/0-0 (2/1.2/PHB) CPU/0-1 (3/1.2/SYS) NET/0-0 (4/1.2/PHB) NET/0-1 (0/5000.0/LOC) NET/0-1 (0/0.0/DIS) DEV/0-27000 (3/1.2/PHB) DEV/0-38000 (3/1.2/PHB) DEV/0-49000 (3/1.2/PHB) DEV/0-5a000 (3/1.2/PHB) DEV/0-a8000 (4/1.2/SYS) DEV/0-b8000 (4/1.2/SYS) DEV/0-c8000 (4/1.2/SYS) DEV/0-d8000 (4/1.2/SYS) 
SL3060:498223:498223 [7] NCCL INFO NET/0-1 :GPU/0-27000 (4/1.2/PHB) GPU/0-38000 (4/1.2/PHB) GPU/0-49000 (4/1.2/PHB) GPU/0-5a000 (4/1.2/PHB) GPU/0-a8000 (5/1.2/SYS) GPU/0-b8000 (5/1.2/SYS) GPU/0-c8000 (5/1.2/SYS) GPU/0-d8000 (5/1.2/SYS) CPU/0-0 (2/1.2/PHB) CPU/0-1 (3/1.2/SYS) NET/0-0 (4/1.2/PHB) NET/0-1 (0/5000.0/LOC) NET/0-1 (0/0.0/DIS) DEV/0-27000 (3/1.2/PHB) DEV/0-38000 (3/1.2/PHB) DEV/0-49000 (3/1.2/PHB) DEV/0-5a000 (3/1.2/PHB) DEV/0-a8000 (4/1.2/SYS) DEV/0-b8000 (4/1.2/SYS) DEV/0-c8000 (4/1.2/SYS) DEV/0-d8000 (4/1.2/SYS) 
SL3060:498223:498223 [7] NCCL INFO ncclTopoGetCpuAffinity: Affinity for GPU 7 is 32-63,96-127. (GPU affinity = 32-63,96-127 ; CPU affinity = 0-127).
SL3060:498223:498223 [7] NCCL INFO NVLS multicast support is not available on dev 7
SL3060:498223:498223 [7] NCCL INFO Pattern 4, crossNic 0, nChannels 2, bw 20.000000/20.000000, type SYS/PIX, sameChannels 1
SL3060:498223:498223 [7] NCCL INFO  0 : GPU/0-27000 GPU/0-38000 GPU/0-49000 GPU/0-5a000 GPU/0-a8000 GPU/0-b8000 GPU/0-c8000 GPU/0-d8000
SL3060:498223:498223 [7] NCCL INFO  1 : GPU/0-27000 GPU/0-38000 GPU/0-49000 GPU/0-5a000 GPU/0-a8000 GPU/0-b8000 GPU/0-c8000 GPU/0-d8000
SL3060:498223:498223 [7] NCCL INFO Pattern 1, crossNic 0, nChannels 2, bw 20.000000/20.000000, type SYS/PIX, sameChannels 1
SL3060:498223:498223 [7] NCCL INFO  0 : GPU/0-27000 GPU/0-38000 GPU/0-49000 GPU/0-5a000 GPU/0-a8000 GPU/0-b8000 GPU/0-c8000 GPU/0-d8000
SL3060:498223:498223 [7] NCCL INFO  1 : GPU/0-27000 GPU/0-38000 GPU/0-49000 GPU/0-5a000 GPU/0-a8000 GPU/0-b8000 GPU/0-c8000 GPU/0-d8000
SL3060:498223:498223 [7] NCCL INFO Rank 7: 2 Net devices
SL3060:498223:498223 [7] NCCL INFO Rank 7: 0 CollNet devices
SL3060:498223:498223 [7] NCCL INFO comm 0x5603eb1e9340 rank 7 nRanks 8 nNodes 1 localRanks 8 localRank 7 MNNVL 0
SL3060:498223:498223 [7] NCCL INFO Ring 00 : 6 -> 7 -> 0
SL3060:498223:498223 [7] NCCL INFO Ring 01 : 6 -> 7 -> 0
SL3060:498223:498223 [7] NCCL INFO Ring 02 : 6 -> 7 -> 0
SL3060:498223:498223 [7] NCCL INFO Ring 03 : 6 -> 7 -> 0
SL3060:498223:498223 [7] NCCL INFO Trees [0] -1/-1/-1->7->6 [1] -1/-1/-1->7->6 [2] -1/-1/-1->7->6 [3] -1/-1/-1->7->6
SL3060:498223:498223 [7] NCCL INFO P2P Chunksize set to 131072
SL3060:498223:498223 [7] NCCL INFO ncclOsDlopen(libnccl-profiler.so) failed: libnccl-profiler.so: cannot open shared object file: No such file or directory
SL3060:498223:498223 [7] NCCL INFO PROFILER/Plugin: Could not find: libnccl-profiler.so
SL3060:498223:498223 [7] NCCL INFO ncclOsDlsym(ncclProfiler_v6) failed: /opt/hpcx/nccl_rdma_sharp_plugin/lib/libnccl-net.so: undefined symbol: ncclProfiler_v6
SL3060:498223:498223 [7] NCCL INFO ncclOsDlsym(ncclProfiler_v5) failed: /opt/hpcx/nccl_rdma_sharp_plugin/lib/libnccl-net.so: undefined symbol: ncclProfiler_v5
SL3060:498223:498223 [7] NCCL INFO ncclOsDlsym(ncclProfiler_v4) failed: /opt/hpcx/nccl_rdma_sharp_plugin/lib/libnccl-net.so: undefined symbol: ncclProfiler_v4
SL3060:498223:498223 [7] NCCL INFO ncclOsDlsym(ncclProfiler_v3) failed: /opt/hpcx/nccl_rdma_sharp_plugin/lib/libnccl-net.so: undefined symbol: ncclProfiler_v3
SL3060:498223:498223 [7] NCCL INFO ncclOsDlsym(ncclProfiler_v2) failed: /opt/hpcx/nccl_rdma_sharp_plugin/lib/libnccl-net.so: undefined symbol: ncclProfiler_v2
SL3060:498223:498223 [7] NCCL INFO ncclOsDlsym(ncclProfiler_v1) failed: /opt/hpcx/nccl_rdma_sharp_plugin/lib/libnccl-net.so: undefined symbol: ncclProfiler_v1
SL3060:498223:498223 [7] NCCL INFO Check P2P Type isAllDirectP2p 0 directMode 0 isAllCudaP2p 0
SL3060:498223:498223 [7] NCCL INFO ncclP2pSchedule: group size used is 8
SL3060:498223:498529 [0] NCCL INFO [Proxy Service] Device 7 CPU core 41
SL3060:498223:498537 [0] NCCL INFO [Proxy Service UDS] Device 7 CPU core 44
SL3060:498223:498223 [7] NCCL INFO ncclOsDlopen(libnccl-tuner.so) failed: libnccl-tuner.so: cannot open shared object file: No such file or directory
SL3060:498223:498223 [7] NCCL INFO TUNER/Plugin: Could not find: libnccl-tuner.so
SL3060:498223:498223 [7] NCCL INFO ncclOsDlsym(ncclTunerPlugin_v5) failed: /opt/hpcx/nccl_rdma_sharp_plugin/lib/libnccl-net.so: undefined symbol: ncclTunerPlugin_v5
SL3060:498223:498223 [7] NCCL INFO ncclOsDlsym(ncclTunerPlugin_v4) failed: /opt/hpcx/nccl_rdma_sharp_plugin/lib/libnccl-net.so: undefined symbol: ncclTunerPlugin_v4
SL3060:498223:498223 [7] NCCL INFO ncclOsDlsym(ncclTunerPlugin_v3) failed: /opt/hpcx/nccl_rdma_sharp_plugin/lib/libnccl-net.so: undefined symbol: ncclTunerPlugin_v3
SL3060:498223:498223 [7] NCCL INFO ncclOsDlsym(ncclTunerPlugin_v2) failed: /opt/hpcx/nccl_rdma_sharp_plugin/lib/libnccl-net.so: undefined symbol: ncclTunerPlugin_v2
SL3060:498223:498223 [7] NCCL INFO NCCL_PROTO set by environment to SIMPLE
SL3060:498223:498223 [7] NCCL INFO NCCL_ALGO set by environment to RING
SL3060:498223:498223 [7] NCCL INFO threadThresholds 8/8/64 | 64/8/64 | 512 | 512
SL3060:498223:498223 [7] NCCL INFO 4 coll channels, 4 collnet channels, 0 nvls channels, 4 p2p channels, 2 p2p channels per peer
SL3060:498223:498223 [7] NCCL INFO Symmetric memory is not supported. cuMemEnable 1, globalGinSupport 0, globalNicFused 0 cuMemGdrSupport 0
SL3060:498223:498223 [7] NCCL INFO ncclCommInitRank comm 0x5603eb1e9340 rank 7 nranks 8 cudaDev 7 nvmlDev 7 busId d8000 commId 0xe385d75ebfe87c23 - Init COMPLETE
SL3060:498223:498223 [7] NCCL INFO Init timings - ncclCommInitRank: rank 7 nranks 8 total 1.09 (kernels 0.45, alloc 0.27, bootstrap 0.10, allgathers 0.05, topo 0.11, graphs 0.08, connections 0.02, rest 0.01)
SL3060:498223:498223 [7] NCCL INFO Channel 00 : 7[7] -> 1[1] via SHM/direct/direct
SL3060:498223:498223 [7] NCCL INFO Channel 01 : 7[7] -> 1[1] via SHM/direct/direct
SL3060:498223:498223 [7] NCCL INFO Channel 02 : 7[7] -> 1[1] via SHM/direct/direct
SL3060:498223:498223 [7] NCCL INFO Channel 03 : 7[7] -> 1[1] via SHM/direct/direct
SL3060:498223:498223 [7] NCCL INFO ncclCommPrepareSurvivorTopo comm 0x5603eb1e9340 parentRank 7 survivorRank 6 survivorCount 7 prepared
SL3060:498223:498223 [7] NCCL INFO ncclCommActivateSurvivorTopo comm 0x5603eb1e9340 parentRank 7 survivorRank 6 survivorCount 7 prev 6 next 1
SL3060:498223:498223 [7] NCCL INFO Reduce: opCount 0 sendbuff 0x7f1c26200000 recvbuff 0x7f1c26201000 count 1024 datatype 2 op 0 root 3 comm 0x5603eb1e9340 [nranks=7] stream 0x5603eb1ca290
SL3060:498223:498223 [7] NCCL INFO Reduce: opCount 0 sendbuff 0x7f1c26200000 recvbuff 0x7f1c26201000 count 1024 datatype 2 op 0 root 3 comm 0x5603eb1e9340 [nranks=7] stream 0x5603eb1ca290
SL3060:498223:498223 [7] NCCL INFO Reduce: opCount 0 sendbuff 0x7f1c26200000 recvbuff 0x7f1c26201000 count 1024 datatype 2 op 0 root 3 comm 0x5603eb1e9340 [nranks=7] stream 0x5603eb1ca290
SL3060:498223:498223 [7] NCCL INFO Reduce: opCount 0 sendbuff 0x7f1c26200000 recvbuff 0x7f1c26201000 count 1024 datatype 2 op 0 root 3 comm 0x5603eb1e9340 [nranks=7] stream 0x5603eb1ca290
SL3060:498223:498223 [7] NCCL INFO Reduce: opCount 0 sendbuff 0x7f1c26200000 recvbuff 0x7f1c26201000 count 1024 datatype 2 op 0 root 3 comm 0x5603eb1e9340 [nranks=7] stream 0x5603eb1ca290
SL3060:498223:498223 [7] NCCL INFO comm 0x5603eb1e9340 rank 7 nRanks 7 cudaDev 7 busId d8000 - Abort START
SL3060:498223:498223 [7] NCCL INFO ncclOsSocketProgressOpt: abort called
SL3060:498223:498223 [7] NCCL INFO misc/socket.cc:25 -> 3
SL3060:498223:498223 [7] NCCL INFO misc/socket.cc:42 -> 3
SL3060:498223:498223 [7] NCCL INFO misc/socket.cc:588 -> 3
SL3060:498223:498223 [7] NCCL INFO ncclOsSocketProgressOpt: abort called
SL3060:498223:498223 [7] NCCL INFO misc/socket.cc:25 -> 3
SL3060:498223:498223 [7] NCCL INFO misc/socket.cc:42 -> 3
SL3060:498223:498223 [7] NCCL INFO misc/socket.cc:588 -> 3
SL3060:498223:498223 [7] NCCL INFO ncclOsSocketProgressOpt: abort called
SL3060:498223:498223 [7] NCCL INFO misc/socket.cc:25 -> 3
SL3060:498223:498223 [7] NCCL INFO misc/socket.cc:42 -> 3
SL3060:498223:498223 [7] NCCL INFO misc/socket.cc:588 -> 3
SL3060:498223:498529 [7] NCCL INFO ncclOsSocketProgressOpt: abort called
SL3060:498223:498529 [7] NCCL INFO misc/socket.cc:663 -> 3
SL3060:498223:498223 [7] NCCL INFO comm 0x5603eb1e9340 rank 7 nranks 7 cudaDev 7 busId d8000 - Abort COMPLETE
SL3060:498223:498223 [7] NCCL INFO ENV/Plugin: Closing env plugin ncclEnvDefault
